1754378908.221087 client started (21318): version 3.4, socket /tmp/tmux-1000/default, protocol 8
1754378908.221180 on Linux 6.14.0-27-generic #27~24.04.1-Ubuntu SMP PREEMPT_DYNAMIC Tue Jul 22 17:38:49 UTC 2
1754378908.221214 using libevent 2.1.12-stable poll
1754378908.221239 using ncurses 6.4 20240113
1754378908.221357 flags are 0x18010000
1754378908.221398 socket is /tmp/tmux-1000/default
1754378908.221451 trying connect
1754378908.221513 connect failed: No such file or directory
1754378908.221549 lock file is /tmp/tmux-1000/default.lock
1754378908.221624 flock succeeded
1754378908.221643 got lock (6)
1754378908.221670 trying connect
1754378908.221709 connect failed: No such file or directory
1754378908.222552 add peer 0x5e4b4f17a000: 7 ((nil))
1754378908.223736 sending message 100 to peer 0x5e4b4f17a000 (4 bytes)
1754378908.223786 sending message 111 to peer 0x5e4b4f17a000 (8 bytes)
1754378908.223805 sending message 101 to peer 0x5e4b4f17a000 (15 bytes)
1754378908.223828 sending message 109 to peer 0x5e4b4f17a000 (4 bytes)
1754378908.223855 sending message 102 to peer 0x5e4b4f17a000 (11 bytes)
1754378908.223872 sending message 108 to peer 0x5e4b4f17a000 (25 bytes)
1754378908.223894 sending message 112 to peer 0x5e4b4f17a000 (58 bytes)
1754378908.223914 sending message 112 to peer 0x5e4b4f17a000 (5 bytes)
1754378908.223934 sending message 112 to peer 0x5e4b4f17a000 (5 bytes)
1754378908.223976 sending message 112 to peer 0x5e4b4f17a000 (6 bytes)
1754378908.223997 sending message 112 to peer 0x5e4b4f17a000 (6 bytes)
1754378908.224029 sending message 112 to peer 0x5e4b4f17a000 (11 bytes)
1754378908.224047 sending message 112 to peer 0x5e4b4f17a000 (10 bytes)
1754378908.224069 sending message 112 to peer 0x5e4b4f17a000 (13 bytes)
1754378908.224119 sending message 112 to peer 0x5e4b4f17a000 (14 bytes)
1754378908.224154 sending message 112 to peer 0x5e4b4f17a000 (19 bytes)
1754378908.224206 sending message 112 to peer 0x5e4b4f17a000 (11 bytes)
1754378908.224239 sending message 112 to peer 0x5e4b4f17a000 (10 bytes)
1754378908.224301 sending message 112 to peer 0x5e4b4f17a000 (15 bytes)
1754378908.224321 sending message 112 to peer 0x5e4b4f17a000 (21 bytes)
1754378908.224339 sending message 112 to peer 0x5e4b4f17a000 (13 bytes)
1754378908.224362 sending message 112 to peer 0x5e4b4f17a000 (7 bytes)
1754378908.224382 sending message 112 to peer 0x5e4b4f17a000 (13 bytes)
1754378908.224399 sending message 112 to peer 0x5e4b4f17a000 (7 bytes)
1754378908.224417 sending message 112 to peer 0x5e4b4f17a000 (13 bytes)
1754378908.224440 sending message 112 to peer 0x5e4b4f17a000 (9 bytes)
1754378908.224457 sending message 112 to peer 0x5e4b4f17a000 (21 bytes)
1754378908.224474 sending message 112 to peer 0x5e4b4f17a000 (13 bytes)
1754378908.224491 sending message 112 to peer 0x5e4b4f17a000 (9 bytes)
1754378908.224508 sending message 112 to peer 0x5e4b4f17a000 (16 bytes)
1754378908.224525 sending message 112 to peer 0x5e4b4f17a000 (13 bytes)
1754378908.224546 sending message 112 to peer 0x5e4b4f17a000 (9 bytes)
1754378908.224563 sending message 112 to peer 0x5e4b4f17a000 (9 bytes)
1754378908.224580 sending message 112 to peer 0x5e4b4f17a000 (12 bytes)
1754378908.224596 sending message 112 to peer 0x5e4b4f17a000 (8 bytes)
1754378908.224624 sending message 112 to peer 0x5e4b4f17a000 (8 bytes)
1754378908.224642 sending message 112 to peer 0x5e4b4f17a000 (13 bytes)
1754378908.224660 sending message 112 to peer 0x5e4b4f17a000 (7 bytes)
1754378908.224677 sending message 112 to peer 0x5e4b4f17a000 (7 bytes)
1754378908.224695 sending message 112 to peer 0x5e4b4f17a000 (9 bytes)
1754378908.224712 sending message 112 to peer 0x5e4b4f17a000 (9 bytes)
1754378908.224733 sending message 112 to peer 0x5e4b4f17a000 (15 bytes)
1754378908.224766 sending message 112 to peer 0x5e4b4f17a000 (13 bytes)
1754378908.224785 sending message 112 to peer 0x5e4b4f17a000 (12 bytes)
1754378908.224808 sending message 112 to peer 0x5e4b4f17a000 (8 bytes)
1754378908.224826 sending message 112 to peer 0x5e4b4f17a000 (14 bytes)
1754378908.224844 sending message 112 to peer 0x5e4b4f17a000 (11 bytes)
1754378908.224878 sending message 112 to peer 0x5e4b4f17a000 (9 bytes)
1754378908.224901 sending message 112 to peer 0x5e4b4f17a000 (10 bytes)
1754378908.224919 sending message 112 to peer 0x5e4b4f17a000 (10 bytes)
1754378908.224936 sending message 112 to peer 0x5e4b4f17a000 (10 bytes)
1754378908.224955 sending message 112 to peer 0x5e4b4f17a000 (10 bytes)
1754378908.224976 sending message 112 to peer 0x5e4b4f17a000 (11 bytes)
1754378908.224993 sending message 112 to peer 0x5e4b4f17a000 (12 bytes)
1754378908.225010 sending message 112 to peer 0x5e4b4f17a000 (12 bytes)
1754378908.225026 sending message 112 to peer 0x5e4b4f17a000 (12 bytes)
1754378908.225044 sending message 112 to peer 0x5e4b4f17a000 (12 bytes)
1754378908.225067 sending message 112 to peer 0x5e4b4f17a000 (12 bytes)
1754378908.225084 sending message 112 to peer 0x5e4b4f17a000 (11 bytes)
1754378908.225100 sending message 112 to peer 0x5e4b4f17a000 (11 bytes)
1754378908.225117 sending message 112 to peer 0x5e4b4f17a000 (12 bytes)
1754378908.225133 sending message 112 to peer 0x5e4b4f17a000 (12 bytes)
1754378908.225150 sending message 112 to peer 0x5e4b4f17a000 (12 bytes)
1754378908.225171 sending message 112 to peer 0x5e4b4f17a000 (12 bytes)
1754378908.225188 sending message 112 to peer 0x5e4b4f17a000 (12 bytes)
1754378908.225204 sending message 112 to peer 0x5e4b4f17a000 (9 bytes)
1754378908.225222 sending message 112 to peer 0x5e4b4f17a000 (12 bytes)
1754378908.225251 sending message 112 to peer 0x5e4b4f17a000 (13 bytes)
1754378908.225403 sending message 112 to peer 0x5e4b4f17a000 (13 bytes)
1754378908.225439 sending message 112 to peer 0x5e4b4f17a000 (13 bytes)
1754378908.225463 sending message 112 to peer 0x5e4b4f17a000 (13 bytes)
1754378908.225481 sending message 112 to peer 0x5e4b4f17a000 (13 bytes)
1754378908.225499 sending message 112 to peer 0x5e4b4f17a000 (8 bytes)
1754378908.225518 sending message 112 to peer 0x5e4b4f17a000 (11 bytes)
1754378908.225541 sending message 112 to peer 0x5e4b4f17a000 (11 bytes)
1754378908.225558 sending message 112 to peer 0x5e4b4f17a000 (11 bytes)
1754378908.225576 sending message 112 to peer 0x5e4b4f17a000 (12 bytes)
1754378908.225594 sending message 112 to peer 0x5e4b4f17a000 (12 bytes)
1754378908.225610 sending message 112 to peer 0x5e4b4f17a000 (12 bytes)
1754378908.225633 sending message 112 to peer 0x5e4b4f17a000 (12 bytes)
1754378908.225655 sending message 112 to peer 0x5e4b4f17a000 (13 bytes)
1754378908.225673 sending message 112 to peer 0x5e4b4f17a000 (13 bytes)
1754378908.225690 sending message 112 to peer 0x5e4b4f17a000 (13 bytes)
1754378908.225711 sending message 112 to peer 0x5e4b4f17a000 (8 bytes)
1754378908.225729 sending message 112 to peer 0x5e4b4f17a000 (13 bytes)
1754378908.225745 sending message 112 to peer 0x5e4b4f17a000 (13 bytes)
1754378908.225762 sending message 112 to peer 0x5e4b4f17a000 (13 bytes)
1754378908.225780 sending message 112 to peer 0x5e4b4f17a000 (13 bytes)
1754378908.225796 sending message 112 to peer 0x5e4b4f17a000 (13 bytes)
1754378908.225813 sending message 112 to peer 0x5e4b4f17a000 (12 bytes)
1754378908.225830 sending message 112 to peer 0x5e4b4f17a000 (12 bytes)
1754378908.225847 sending message 112 to peer 0x5e4b4f17a000 (12 bytes)
1754378908.225863 sending message 112 to peer 0x5e4b4f17a000 (12 bytes)
1754378908.225884 sending message 112 to peer 0x5e4b4f17a000 (13 bytes)
1754378908.225901 sending message 112 to peer 0x5e4b4f17a000 (8 bytes)
1754378908.225919 sending message 112 to peer 0x5e4b4f17a000 (13 bytes)
1754378908.225936 sending message 112 to peer 0x5e4b4f17a000 (13 bytes)
1754378908.225953 sending message 112 to peer 0x5e4b4f17a000 (13 bytes)
1754378908.225976 sending message 112 to peer 0x5e4b4f17a000 (13 bytes)
1754378908.225993 sending message 112 to peer 0x5e4b4f17a000 (13 bytes)
1754378908.226010 sending message 112 to peer 0x5e4b4f17a000 (13 bytes)
1754378908.226027 sending message 112 to peer 0x5e4b4f17a000 (13 bytes)
1754378908.226044 sending message 112 to peer 0x5e4b4f17a000 (12 bytes)
1754378908.226061 sending message 112 to peer 0x5e4b4f17a000 (12 bytes)
1754378908.226094 sending message 112 to peer 0x5e4b4f17a000 (12 bytes)
1754378908.226113 sending message 112 to peer 0x5e4b4f17a000 (8 bytes)
1754378908.226132 sending message 112 to peer 0x5e4b4f17a000 (12 bytes)
1754378908.226155 sending message 112 to peer 0x5e4b4f17a000 (13 bytes)
1754378908.226172 sending message 112 to peer 0x5e4b4f17a000 (13 bytes)
1754378908.226190 sending message 112 to peer 0x5e4b4f17a000 (13 bytes)
1754378908.226208 sending message 112 to peer 0x5e4b4f17a000 (13 bytes)
1754378908.226226 sending message 112 to peer 0x5e4b4f17a000 (13 bytes)
1754378908.226248 sending message 112 to peer 0x5e4b4f17a000 (13 bytes)
1754378908.226278 sending message 112 to peer 0x5e4b4f17a000 (13 bytes)
1754378908.226296 sending message 112 to peer 0x5e4b4f17a000 (13 bytes)
1754378908.226313 sending message 112 to peer 0x5e4b4f17a000 (12 bytes)
1754378908.226330 sending message 112 to peer 0x5e4b4f17a000 (10 bytes)
1754378908.226351 sending message 112 to peer 0x5e4b4f17a000 (12 bytes)
1754378908.226368 sending message 112 to peer 0x5e4b4f17a000 (12 bytes)
1754378908.226385 sending message 112 to peer 0x5e4b4f17a000 (12 bytes)
1754378908.226401 sending message 112 to peer 0x5e4b4f17a000 (13 bytes)
1754378908.226418 sending message 112 to peer 0x5e4b4f17a000 (13 bytes)
1754378908.226439 sending message 112 to peer 0x5e4b4f17a000 (13 bytes)
1754378908.226456 sending message 112 to peer 0x5e4b4f17a000 (13 bytes)
1754378908.226472 sending message 112 to peer 0x5e4b4f17a000 (13 bytes)
1754378908.226489 sending message 112 to peer 0x5e4b4f17a000 (13 bytes)
1754378908.226508 sending message 112 to peer 0x5e4b4f17a000 (13 bytes)
1754378908.226529 sending message 112 to peer 0x5e4b4f17a000 (10 bytes)
1754378908.226547 sending message 112 to peer 0x5e4b4f17a000 (13 bytes)
1754378908.226569 sending message 112 to peer 0x5e4b4f17a000 (12 bytes)
1754378908.226588 sending message 112 to peer 0x5e4b4f17a000 (12 bytes)
1754378908.226610 sending message 112 to peer 0x5e4b4f17a000 (12 bytes)
1754378908.226627 sending message 112 to peer 0x5e4b4f17a000 (10 bytes)
1754378908.226644 sending message 112 to peer 0x5e4b4f17a000 (10 bytes)
1754378908.226661 sending message 112 to peer 0x5e4b4f17a000 (10 bytes)
1754378908.226679 sending message 112 to peer 0x5e4b4f17a000 (12 bytes)
1754378908.226700 sending message 112 to peer 0x5e4b4f17a000 (13 bytes)
1754378908.226725 sending message 112 to peer 0x5e4b4f17a000 (13 bytes)
1754378908.226749 sending message 112 to peer 0x5e4b4f17a000 (13 bytes)
1754378908.226768 sending message 112 to peer 0x5e4b4f17a000 (13 bytes)
1754378908.226790 sending message 112 to peer 0x5e4b4f17a000 (13 bytes)
1754378908.226807 sending message 112 to peer 0x5e4b4f17a000 (10 bytes)
1754378908.226824 sending message 112 to peer 0x5e4b4f17a000 (11 bytes)
1754378908.226841 sending message 112 to peer 0x5e4b4f17a000 (12 bytes)
1754378908.226857 sending message 112 to peer 0x5e4b4f17a000 (12 bytes)
1754378908.226879 sending message 112 to peer 0x5e4b4f17a000 (12 bytes)
1754378908.226896 sending message 112 to peer 0x5e4b4f17a000 (12 bytes)
1754378908.226913 sending message 112 to peer 0x5e4b4f17a000 (12 bytes)
1754378908.226930 sending message 112 to peer 0x5e4b4f17a000 (11 bytes)
1754378908.226946 sending message 112 to peer 0x5e4b4f17a000 (12 bytes)
1754378908.226964 sending message 112 to peer 0x5e4b4f17a000 (12 bytes)
1754378908.226987 sending message 112 to peer 0x5e4b4f17a000 (13 bytes)
1754378908.227005 sending message 112 to peer 0x5e4b4f17a000 (13 bytes)
1754378908.227023 sending message 112 to peer 0x5e4b4f17a000 (13 bytes)
1754378908.227041 sending message 112 to peer 0x5e4b4f17a000 (13 bytes)
1754378908.227062 sending message 112 to peer 0x5e4b4f17a000 (13 bytes)
1754378908.227085 sending message 112 to peer 0x5e4b4f17a000 (10 bytes)
1754378908.227103 sending message 112 to peer 0x5e4b4f17a000 (9 bytes)
1754378908.227122 sending message 112 to peer 0x5e4b4f17a000 (12 bytes)
1754378908.227140 sending message 112 to peer 0x5e4b4f17a000 (13 bytes)
1754378908.227162 sending message 112 to peer 0x5e4b4f17a000 (13 bytes)
1754378908.227196 sending message 112 to peer 0x5e4b4f17a000 (13 bytes)
1754378908.227215 sending message 112 to peer 0x5e4b4f17a000 (13 bytes)
1754378908.227237 sending message 112 to peer 0x5e4b4f17a000 (13 bytes)
1754378908.227254 sending message 112 to peer 0x5e4b4f17a000 (9 bytes)
1754378908.227308 sending message 112 to peer 0x5e4b4f17a000 (12 bytes)
1754378908.227328 sending message 112 to peer 0x5e4b4f17a000 (13 bytes)
1754378908.227349 sending message 112 to peer 0x5e4b4f17a000 (13 bytes)
1754378908.227366 sending message 112 to peer 0x5e4b4f17a000 (13 bytes)
1754378908.227383 sending message 112 to peer 0x5e4b4f17a000 (13 bytes)
1754378908.227399 sending message 112 to peer 0x5e4b4f17a000 (13 bytes)
1754378908.227416 sending message 112 to peer 0x5e4b4f17a000 (11 bytes)
1754378908.227438 sending message 112 to peer 0x5e4b4f17a000 (12 bytes)
1754378908.227455 sending message 112 to peer 0x5e4b4f17a000 (13 bytes)
1754378908.227473 sending message 112 to peer 0x5e4b4f17a000 (13 bytes)
1754378908.227491 sending message 112 to peer 0x5e4b4f17a000 (13 bytes)
1754378908.227508 sending message 112 to peer 0x5e4b4f17a000 (13 bytes)
1754378908.227529 sending message 112 to peer 0x5e4b4f17a000 (13 bytes)
1754378908.227546 sending message 112 to peer 0x5e4b4f17a000 (11 bytes)
1754378908.227564 sending message 112 to peer 0x5e4b4f17a000 (12 bytes)
1754378908.227587 sending message 112 to peer 0x5e4b4f17a000 (12 bytes)
1754378908.227610 sending message 112 to peer 0x5e4b4f17a000 (12 bytes)
1754378908.227627 sending message 112 to peer 0x5e4b4f17a000 (12 bytes)
1754378908.227644 sending message 112 to peer 0x5e4b4f17a000 (12 bytes)
1754378908.227666 sending message 112 to peer 0x5e4b4f17a000 (21 bytes)
1754378908.227683 sending message 112 to peer 0x5e4b4f17a000 (12 bytes)
1754378908.227705 sending message 112 to peer 0x5e4b4f17a000 (9 bytes)
1754378908.227728 sending message 112 to peer 0x5e4b4f17a000 (6 bytes)
1754378908.227747 sending message 112 to peer 0x5e4b4f17a000 (13 bytes)
1754378908.227765 sending message 112 to peer 0x5e4b4f17a000 (10 bytes)
1754378908.227786 sending message 112 to peer 0x5e4b4f17a000 (24 bytes)
1754378908.227804 sending message 112 to peer 0x5e4b4f17a000 (13 bytes)
1754378908.227822 sending message 112 to peer 0x5e4b4f17a000 (9 bytes)
1754378908.227839 sending message 112 to peer 0x5e4b4f17a000 (70 bytes)
1754378908.227856 sending message 112 to peer 0x5e4b4f17a000 (69 bytes)
1754378908.227878 sending message 112 to peer 0x5e4b4f17a000 (12 bytes)
1754378908.227896 sending message 112 to peer 0x5e4b4f17a000 (10 bytes)
1754378908.227913 sending message 112 to peer 0x5e4b4f17a000 (10 bytes)
1754378908.227932 sending message 112 to peer 0x5e4b4f17a000 (24 bytes)
1754378908.227953 sending message 112 to peer 0x5e4b4f17a000 (13 bytes)
1754378908.227974 sending message 112 to peer 0x5e4b4f17a000 (10 bytes)
1754378908.227992 sending message 112 to peer 0x5e4b4f17a000 (10 bytes)
1754378908.228008 sending message 112 to peer 0x5e4b4f17a000 (10 bytes)
1754378908.228025 sending message 112 to peer 0x5e4b4f17a000 (13 bytes)
1754378908.228042 sending message 112 to peer 0x5e4b4f17a000 (15 bytes)
1754378908.228063 sending message 112 to peer 0x5e4b4f17a000 (5 bytes)
1754378908.228081 sending message 104 to peer 0x5e4b4f17a000 (0 bytes)
1754378908.228105 sending message 110 to peer 0x5e4b4f17a000 (0 bytes)
1754378908.228124 sending message 107 to peer 0x5e4b4f17a000 (4 bytes)
1754378908.228148 sending message 105 to peer 0x5e4b4f17a000 (16 bytes)
1754378908.228164 sending message 105 to peer 0x5e4b4f17a000 (76 bytes)
1754378908.228183 sending message 105 to peer 0x5e4b4f17a000 (19 bytes)
1754378908.228201 sending message 105 to peer 0x5e4b4f17a000 (20 bytes)
1754378908.228219 sending message 105 to peer 0x5e4b4f17a000 (45 bytes)
1754378908.228240 sending message 105 to peer 0x5e4b4f17a000 (23 bytes)
1754378908.228257 sending message 105 to peer 0x5e4b4f17a000 (44 bytes)
1754378908.228397 sending message 105 to peer 0x5e4b4f17a000 (32 bytes)
1754378908.228421 sending message 105 to peer 0x5e4b4f17a000 (41 bytes)
1754378908.228451 sending message 105 to peer 0x5e4b4f17a000 (51 bytes)
1754378908.228472 sending message 105 to peer 0x5e4b4f17a000 (20 bytes)
1754378908.228498 sending message 105 to peer 0x5e4b4f17a000 (23 bytes)
1754378908.228516 sending message 105 to peer 0x5e4b4f17a000 (28 bytes)
1754378908.228535 sending message 105 to peer 0x5e4b4f17a000 (29 bytes)
1754378908.228558 sending message 105 to peer 0x5e4b4f17a000 (22 bytes)
1754378908.228579 sending message 105 to peer 0x5e4b4f17a000 (27 bytes)
1754378908.228599 sending message 105 to peer 0x5e4b4f17a000 (25 bytes)
1754378908.228618 sending message 105 to peer 0x5e4b4f17a000 (22 bytes)
1754378908.228637 sending message 105 to peer 0x5e4b4f17a000 (54 bytes)
1754378908.228660 sending message 105 to peer 0x5e4b4f17a000 (25 bytes)
1754378908.228679 sending message 105 to peer 0x5e4b4f17a000 (23 bytes)
1754378908.228698 sending message 105 to peer 0x5e4b4f17a000 (18 bytes)
1754378908.228723 sending message 105 to peer 0x5e4b4f17a000 (17 bytes)
1754378908.228753 sending message 105 to peer 0x5e4b4f17a000 (1817 bytes)
1754378908.228801 sending message 105 to peer 0x5e4b4f17a000 (33 bytes)
1754378908.228822 sending message 105 to peer 0x5e4b4f17a000 (144 bytes)
1754378908.228843 sending message 105 to peer 0x5e4b4f17a000 (17 bytes)
1754378908.228868 sending message 105 to peer 0x5e4b4f17a000 (26 bytes)
1754378908.228888 sending message 105 to peer 0x5e4b4f17a000 (86 bytes)
1754378908.228909 sending message 105 to peer 0x5e4b4f17a000 (23 bytes)
1754378908.228930 sending message 105 to peer 0x5e4b4f17a000 (34 bytes)
1754378908.228954 sending message 105 to peer 0x5e4b4f17a000 (23 bytes)
1754378908.228974 sending message 105 to peer 0x5e4b4f17a000 (20 bytes)
1754378908.228992 sending message 105 to peer 0x5e4b4f17a000 (32 bytes)
1754378908.229013 sending message 105 to peer 0x5e4b4f17a000 (19 bytes)
1754378908.229031 sending message 105 to peer 0x5e4b4f17a000 (30 bytes)
1754378908.229054 sending message 105 to peer 0x5e4b4f17a000 (33 bytes)
1754378908.229073 sending message 105 to peer 0x5e4b4f17a000 (11 bytes)
1754378908.229091 sending message 105 to peer 0x5e4b4f17a000 (8 bytes)
1754378908.229112 sending message 105 to peer 0x5e4b4f17a000 (35 bytes)
1754378908.229131 sending message 105 to peer 0x5e4b4f17a000 (18 bytes)
1754378908.229154 sending message 105 to peer 0x5e4b4f17a000 (31 bytes)
1754378908.229172 sending message 105 to peer 0x5e4b4f17a000 (47 bytes)
1754378908.229190 sending message 105 to peer 0x5e4b4f17a000 (102 bytes)
1754378908.229209 sending message 105 to peer 0x5e4b4f17a000 (114 bytes)
1754378908.229227 sending message 105 to peer 0x5e4b4f17a000 (18 bytes)
1754378908.229255 sending message 105 to peer 0x5e4b4f17a000 (54 bytes)
1754378908.229319 sending message 105 to peer 0x5e4b4f17a000 (16 bytes)
1754378908.229339 sending message 105 to peer 0x5e4b4f17a000 (27 bytes)
1754378908.229365 sending message 106 to peer 0x5e4b4f17a000 (0 bytes)
1754378908.229503 sending message 200 to peer 0x5e4b4f17a000 (4 bytes)
1754378908.229526 client loop enter
1754378908.229577 client_signal: Child exited
1754378908.584072 peer 0x5e4b4f17a000 message 207
1754378908.584137 sending message 208 to peer 0x5e4b4f17a000 (0 bytes)
1754378929.285430 client_signal: Hangup
1754378929.286339 sending message 205 to peer 0x5e4b4f17a000 (0 bytes)
1754378929.286429 client_signal: Continued
1754378929.286471 sending message 216 to peer 0x5e4b4f17a000 (0 bytes)
1754378929.286650 client loop exit
